---------------  T H R E A D  ---------------

Current thread (0x0000000017088000):  JavaThread "C2 CompilerThread1" daemon [_thread_in_native, id=4288, stack(0x00000000187f0000,0x00000000188f0000)]

Stack: [0x00000000187f0000,0x00000000188f0000]
[error occurred during error reporting (printing stack bounds), id 0xc0000005]

Native frames: (J=compiled Java code, j=interpreted, Vv=VM code, C=native code)


Current CompileTask:
C2:1734233 2972   !   4       java.util.concurrent.locks.AbstractQueuedSynchronizer::acquireQueued (93 bytes)


---------------  P R O C E S S  ---------------

Java Threads: ( => current thread )
  0x000000001c173000 JavaThread "DestroyJavaVM" [_thread_blocked, id=8516, stack(0x0000000002330000,0x0000000002430000)]
  0x000000001c171000 JavaThread "http-nio-8080-Acceptor" daemon [_thread_in_native, id=4912, stack(0x00000000210c0000,0x00000000211c0000)]
  0x000000001c16c800 JavaThread "http-nio-8080-ClientPoller" daemon [_thread_in_native, id=6424, stack(0x0000000020fc0000,0x00000000210c0000)]
  0x000000001c16e000 JavaThread "http-nio-8080-exec-10" daemon [_thread_blocked, id=6940, stack(0x0000000020ec0000,0x0000000020fc0000)]
  0x000000001c16e800 JavaThread "http-nio-8080-exec-9" daemon [_thread_blocked, id=7944, stack(0x0000000020dc0000,0x0000000020ec0000)]
  0x000000001c170000 JavaThread "http-nio-8080-exec-8" daemon [_thread_blocked, id=8464, stack(0x0000000020bc0000,0x0000000020cc0000)]
  0x000000001c172800 JavaThread "http-nio-8080-exec-7" daemon [_thread_blocked, id=6856, stack(0x0000000020ac0000,0x0000000020bc0000)]
  0x000000001c16f800 JavaThread "http-nio-8080-exec-6" daemon [_thread_blocked, id=832, stack(0x00000000209c0000,0x0000000020ac0000)]
  0x000000001cc8d000 JavaThread "http-nio-8080-exec-5" daemon [_thread_blocked, id=4580, stack(0x00000000208c0000,0x00000000209c0000)]
  0x000000001cc8a800 JavaThread "http-nio-8080-exec-4" daemon [_thread_blocked, id=4484, stack(0x00000000207c0000,0x00000000208c0000)]
  0x000000001cc89800 JavaThread "http-nio-8080-exec-3" daemon [_thread_blocked, id=6896, stack(0x00000000206c0000,0x00000000207c0000)]
  0x000000001d9b0800 JavaThread "http-nio-8080-exec-2" daemon [_thread_blocked, id=6368, stack(0x00000000205c0000,0x00000000206c0000)]
  0x000000001d9b0000 JavaThread "http-nio-8080-exec-1" daemon [_thread_blocked, id=8568, stack(0x000000001f220000,0x000000001f320000)]
  0x000000001d9af000 JavaThread "http-nio-8080-BlockPoller" daemon [_thread_in_native, id=5816, stack(0x000000001e0e0000,0x000000001e1e0000)]
  0x000000001eb80800 JavaThread "container-0" [_thread_blocked, id=5504, stack(0x000000001dde0000,0x000000001dee0000)]
  0x000000001eb80000 JavaThread "Catalina-utility-2" [_thread_blocked, id=3596, stack(0x000000001dce0000,0x000000001dde0000)]
  0x000000001be38000 JavaThread "Catalina-utility-1" [_thread_blocked, id=5944, stack(0x0000000019930000,0x0000000019a30000)]
  0x0000000018a1a800 JavaThread "Service Thread" daemon [_thread_blocked, id=2616, stack(0x0000000018df0000,0x0000000018ef0000)]
  0x0000000017095800 JavaThread "C1 CompilerThread2" daemon [_thread_blocked, id=3992, stack(0x00000000188f0000,0x00000000189f0000)]
=>0x0000000017088000 JavaThread "C2 CompilerThread1" daemon [_thread_in_native, id=4288, stack(0x00000000187f0000,0x00000000188f0000)]
  0x0000000017081000 JavaThread "C2 CompilerThread0" daemon [_thread_blocked, id=5420, stack(0x00000000186f0000,0x00000000187f0000)]
  0x000000001707f000 JavaThread "Attach Listener" daemon [_thread_blocked, id=9148, stack(0x00000000185f0000,0x00000000186f0000)]
  0x000000001707d800 JavaThread "Signal Dispatcher" daemon [_thread_blocked, id=6700, stack(0x00000000184f0000,0x00000000185f0000)]
  0x0000000002527800 JavaThread "Finalizer" daemon [_thread_blocked, id=4784, stack(0x00000000182f0000,0x00000000183f0000)]
  0x0000000002522000 JavaThread "Reference Handler" daemon [_thread_blocked, id=5764, stack(0x00000000181f0000,0x00000000182f0000)]

Other Threads:
  0x0000000017047800 VMThread [stack: 0x00000000180f0000,0x00000000181f0000] [id=824]
  0x0000000018a2f000 WatcherThread [stack: 0x0000000018ef0000,0x0000000018ff0000] [id=8856]

VM state:not at safepoint (normal execution)

VM Mutex/Monitor currently owned by a thread: None

heap address: 0x0000000081800000, size: 2024 MB, Compressed Oops mode: 32-bit
Narrow klass base: 0x0000000000000000, Narrow klass shift: 3
Compressed class space size: 1073741824 Address: 0x0000000100000000

Heap:
 PSYoungGen      total 55808K, used 55049K [0x00000000d5d80000, 0x00000000da880000, 0x0000000100000000)
  eden space 50688K, 99% used [0x00000000d5d80000,0x00000000d8ea30c8,0x00000000d8f00000)
  from space 5120K, 92% used [0x00000000da380000,0x00000000da81f6a0,0x00000000da880000)
  to   space 5120K, 0% used [0x00000000d9e80000,0x00000000d9e80000,0x00000000da380000)
 ParOldGen       total 62464K, used 9140K [0x0000000081800000, 0x0000000085500000, 0x00000000d5d80000)
  object space 62464K, 14% used [0x0000000081800000,0x00000000820ed208,0x0000000085500000)
 Metaspace       used 30320K, capacity 31948K, committed 32256K, reserved 1077248K
  class space    used 3964K, capacity 4287K, committed 4352K, reserved 1048576K

Card table byte_map: [0x00000000118f0000,0x0000000011cf0000] byte_map_base: 0x00000000114e4000

Marking Bits: (ParMarkBitMap*) 0x000000005cd0be30
 Begin Bits: [0x00000000123a0000, 0x0000000014340000)
 End Bits:   [0x0000000014340000, 0x00000000162e0000)

Polling page: 0x00000000006e0000

CodeCache: size=245760Kb used=9890Kb max_used=9901Kb free=235869Kb
 bounds [0x0000000002530000, 0x0000000002ef0000, 0x0000000011530000]
 total_blobs=3355 nmethods=2951 adapters=316
 compilation: enabled

Compilation events (10 events):
Event: 1364.652 Thread 0x0000000017088000 nmethod 2967 0x0000000002eda0d0 code [0x0000000002eda220, 0x0000000002eda4b8]
Event: 1412.664 Thread 0x0000000017095800 2968       1       java.util.concurrent.atomic.AtomicLong::getAndSet (12 bytes)
Event: 1412.664 Thread 0x0000000017095800 nmethod 2968 0x0000000002ed9d50 code [0x0000000002ed9ea0, 0x0000000002ed9fb0]
Event: 1412.664 Thread 0x0000000017095800 2969       1       org.apache.tomcat.util.net.NioEndpoint::access$200 (5 bytes)
Event: 1412.664 Thread 0x0000000017095800 nmethod 2969 0x0000000002ee0350 code [0x0000000002ee04a0, 0x0000000002ee0590]
Event: 1594.923 Thread 0x0000000017088000 2970       4       java.util.AbstractMap::<init> (5 bytes)
Event: 1594.924 Thread 0x0000000017088000 nmethod 2970 0x0000000002ed28d0 code [0x0000000002ed2a00, 0x0000000002ed2a58]
Event: 1664.937 Thread 0x0000000017081000 2971       4       java.lang.Thread::interrupted (8 bytes)
Event: 1664.941 Thread 0x0000000017081000 nmethod 2971 0x0000000002ee0610 code [0x0000000002ee0760, 0x0000000002ee07e8]
Event: 1734.212 Thread 0x0000000017088000 2972   !   4       java.util.concurrent.locks.AbstractQueuedSynchronizer::acquireQueued (93 bytes)

GC Heap History (10 events):
Event: 1.140 GC heap before
{Heap before GC invocations=1 (full 0):
 PSYoungGen      total 38400K, used 33280K [0x00000000d5d80000, 0x00000000d8800000, 0x0000000100000000)
  eden space 33280K, 100% used [0x00000000d5d80000,0x00000000d7e00000,0x00000000d7e00000)
  from space 5120K, 0% used [0x00000000d8300000,0x00000000d8300000,0x00000000d8800000)
  to   space 5120K, 0% used [0x00000000d7e00000,0x00000000d7e00000,0x00000000d8300000)
 ParOldGen       total 87552K, used 0K [0x0000000081800000, 0x0000000086d80000, 0x00000000d5d80000)
  object space 87552K, 0% used [0x0000000081800000,0x0000000081800000,0x0000000086d80000)
 Metaspace       used 10861K, capacity 11208K, committed 11520K, reserved 1058816K
  class space    used 1328K, capacity 1429K, committed 1536K, reserved 1048576K
Event: 1.151 GC heap after
Heap after GC invocations=1 (full 0):
 PSYoungGen      total 38400K, used 5094K [0x00000000d5d80000, 0x00000000d8800000, 0x0000000100000000)
  eden space 33280K, 0% used [0x00000000d5d80000,0x00000000d5d80000,0x00000000d7e00000)
  from space 5120K, 99% used [0x00000000d7e00000,0x00000000d82f99a8,0x00000000d8300000)
  to   space 5120K, 0% used [0x00000000d8300000,0x00000000d8300000,0x00000000d8800000)
 ParOldGen       total 87552K, used 627K [0x0000000081800000, 0x0000000086d80000, 0x00000000d5d80000)
  object space 87552K, 0% used [0x0000000081800000,0x000000008189cca8,0x0000000086d80000)
 Metaspace       used 10861K, capacity 11208K, committed 11520K, reserved 1058816K
  class space    used 1328K, capacity 1429K, committed 1536K, reserved 1048576K
}
Event: 1.733 GC heap before
{Heap before GC invocations=2 (full 0):
 PSYoungGen      total 38400K, used 38374K [0x00000000d5d80000, 0x00000000d8800000, 0x0000000100000000)
  eden space 33280K, 100% used [0x00000000d5d80000,0x00000000d7e00000,0x00000000d7e00000)
  from space 5120K, 99% used [0x00000000d7e00000,0x00000000d82f99a8,0x00000000d8300000)
  to   space 5120K, 0% used [0x00000000d8300000,0x00000000d8300000,0x00000000d8800000)
 ParOldGen       total 87552K, used 627K [0x0000000081800000, 0x0000000086d80000, 0x00000000d5d80000)
  object space 87552K, 0% used [0x0000000081800000,0x000000008189cca8,0x0000000086d80000)
 Metaspace       used 14957K, capacity 15468K, committed 15744K, reserved 1062912K
  class space    used 1995K, capacity 2135K, committed 2176K, reserved 1048576K
Event: 1.758 GC heap after
Heap after GC invocations=2 (full 0):
 PSYoungGen      total 38400K, used 5099K [0x00000000d5d80000, 0x00000000da880000, 0x0000000100000000)
  eden space 33280K, 0% used [0x00000000d5d80000,0x00000000d5d80000,0x00000000d7e00000)
  from space 5120K, 99% used [0x00000000d8300000,0x00000000d87faf80,0x00000000d8800000)
  to   space 5120K, 0% used [0x00000000d7e00000,0x00000000d7e00000,0x00000000d8300000)
 ParOldGen       total 87552K, used 2265K [0x0000000081800000, 0x0000000086d80000, 0x00000000d5d80000)
  object space 87552K, 2% used [0x0000000081800000,0x0000000081a367e8,0x0000000086d80000)
 Metaspace       used 14957K, capacity 15468K, committed 15744K, reserved 1062912K
  class space    used 1995K, capacity 2135K, committed 2176K, reserved 1048576K
}
Event: 2.388 GC heap before
{Heap before GC invocations=3 (full 0):
 PSYoungGen      total 38400K, used 38232K [0x00000000d5d80000, 0x00000000da880000, 0x0000000100000000)
  eden space 33280K, 99% used [0x00000000d5d80000,0x00000000d7ddb3d8,0x00000000d7e00000)
  from space 5120K, 99% used [0x00000000d8300000,0x00000000d87faf80,0x00000000d8800000)
  to   space 5120K, 0% used [0x00000000d7e00000,0x00000000d7e00000,0x00000000d8300000)
 ParOldGen       total 87552K, used 2265K [0x0000000081800000, 0x0000000086d80000, 0x00000000d5d80000)
  object space 87552K, 2% used [0x0000000081800000,0x0000000081a367e8,0x0000000086d80000)
 Metaspace       used 20567K, capacity 21218K, committed 21296K, reserved 1067008K
  class space    used 2702K, capacity 2868K, committed 2944K, reserved 1048576K
Event: 2.399 GC heap after
Heap after GC invocations=3 (full 0):
 PSYoungGen      total 38400K, used 5092K [0x00000000d5d80000, 0x00000000da880000, 0x0000000100000000)
  eden space 33280K, 0% used [0x00000000d5d80000,0x00000000d5d80000,0x00000000d7e00000)
  from space 5120K, 99% used [0x00000000d7e00000,0x00000000d82f9000,0x00000000d8300000)
  to   space 5120K, 0% used [0x00000000da380000,0x00000000da380000,0x00000000da880000)
 ParOldGen       total 87552K, used 6583K [0x0000000081800000, 0x0000000086d80000, 0x00000000d5d80000)
  object space 87552K, 7% used [0x0000000081800000,0x0000000081e6df68,0x0000000086d80000)
 Metaspace       used 20567K, capacity 21218K, committed 21296K, reserved 1067008K
  class space    used 2702K, capacity 2868K, committed 2944K, reserved 1048576K
}
Event: 2.399 GC heap before
{Heap before GC invocations=4 (full 1):
 PSYoungGen      total 38400K, used 5092K [0x00000000d5d80000, 0x00000000da880000, 0x0000000100000000)
  eden space 33280K, 0% used [0x00000000d5d80000,0x00000000d5d80000,0x00000000d7e00000)
  from space 5120K, 99% used [0x00000000d7e00000,0x00000000d82f9000,0x00000000d8300000)
  to   space 5120K, 0% used [0x00000000da380000,0x00000000da380000,0x00000000da880000)
 ParOldGen       total 87552K, used 6583K [0x0000000081800000, 0x0000000086d80000, 0x00000000d5d80000)
  object space 87552K, 7% used [0x0000000081800000,0x0000000081e6df68,0x0000000086d80000)
 Metaspace       used 20567K, capacity 21218K, committed 21296K, reserved 1067008K
  class space    used 2702K, capacity 2868K, committed 2944K, reserved 1048576K
Event: 2.442 GC heap after
Heap after GC invocations=4 (full 1):
 PSYoungGen      total 38400K, used 0K [0x00000000d5d80000, 0x00000000da880000, 0x0000000100000000)
  eden space 33280K, 0% used [0x00000000d5d80000,0x00000000d5d80000,0x00000000d7e00000)
  from space 5120K, 0% used [0x00000000d7e00000,0x00000000d7e00000,0x00000000d8300000)
  to   space 5120K, 0% used [0x00000000da380000,0x00000000da380000,0x00000000da880000)
 ParOldGen       total 62464K, used 9132K [0x0000000081800000, 0x0000000085500000, 0x00000000d5d80000)
  object space 62464K, 14% used [0x0000000081800000,0x00000000820eb208,0x0000000085500000)
 Metaspace       used 20567K, capacity 21218K, committed 21296K, reserved 1067008K
  class space    used 2702K, capacity 2868K, committed 2944K, reserved 1048576K
}
Event: 3.468 GC heap before
{Heap before GC invocations=5 (full 1):
 PSYoungGen      total 38400K, used 33280K [0x00000000d5d80000, 0x00000000da880000, 0x0000000100000000)
  eden space 33280K, 100% used [0x00000000d5d80000,0x00000000d7e00000,0x00000000d7e00000)
  from space 5120K, 0% used [0x00000000d7e00000,0x00000000d7e00000,0x00000000d8300000)
  to   space 5120K, 0% used [0x00000000da380000,0x00000000da380000,0x00000000da880000)
 ParOldGen       total 62464K, used 9132K [0x0000000081800000, 0x0000000085500000, 0x00000000d5d80000)
  object space 62464K, 14% used [0x0000000081800000,0x00000000820eb208,0x0000000085500000)
 Metaspace       used 23726K, capacity 24620K, committed 24832K, reserved 1071104K
  class space    used 3097K, capacity 3311K, committed 3328K, reserved 1048576K
Event: 3.479 GC heap after
Heap after GC invocations=5 (full 1):
 PSYoungGen      total 55808K, used 4733K [0x00000000d5d80000, 0x00000000da880000, 0x0000000100000000)
  eden space 50688K, 0% used [0x00000000d5d80000,0x00000000d5d80000,0x00000000d8f00000)
  from space 5120K, 92% used [0x00000000da380000,0x00000000da81f6a0,0x00000000da880000)
  to   space 5120K, 0% used [0x00000000d9e80000,0x00000000d9e80000,0x00000000da380000)
 ParOldGen       total 62464K, used 9140K [0x0000000081800000, 0x0000000085500000, 0x00000000d5d80000)
  object space 62464K, 14% used [0x0000000081800000,0x00000000820ed208,0x0000000085500000)
 Metaspace       used 23726K, capacity 24620K, committed 24832K, reserved 1071104K
  class space    used 3097K, capacity 3311K, committed 3328K, reserved 1048576K
}

Deoptimization events (10 events):
Event: 4.374 Thread 0x000000000096e800 Uncommon trap: reason=class_check action=maybe_recompile pc=0x00000000029f47b4 method=java.util.zip.InflaterInputStream.read([BII)I @ 100
Event: 4.374 Thread 0x000000000096e800 Uncommon trap: reason=class_check action=maybe_recompile pc=0x00000000029f47b4 method=java.util.zip.InflaterInputStream.read([BII)I @ 100
Event: 4.651 Thread 0x000000000096e800 Uncommon trap: reason=class_check action=maybe_recompile pc=0x0000000002cbc71c method=java.lang.reflect.Method.equals(Ljava/lang/Object;)Z @ 5
Event: 4.651 Thread 0x000000000096e800 Uncommon trap: reason=unstable_if action=reinterpret pc=0x0000000002d00f30 method=org.springframework.util.ConcurrentReferenceHashMap$Segment.findInChain(Lorg/springframework/util/ConcurrentReferenceHashMap$Reference;Ljava/lang/Object;I)Lorg/springframewo
Event: 4.652 Thread 0x000000000096e800 Uncommon trap: reason=class_check action=maybe_recompile pc=0x0000000002cbc71c method=java.lang.reflect.Method.equals(Ljava/lang/Object;)Z @ 5
Event: 4.652 Thread 0x000000000096e800 Uncommon trap: reason=unstable_if action=reinterpret pc=0x0000000002d0af94 method=org.springframework.util.ConcurrentReferenceHashMap$Segment.findInChain(Lorg/springframework/util/ConcurrentReferenceHashMap$Reference;Ljava/lang/Object;I)Lorg/springframewo
Event: 4.700 Thread 0x000000000096e800 Uncommon trap: reason=unstable_if action=reinterpret pc=0x0000000002cbc730 method=java.lang.reflect.Method.equals(Ljava/lang/Object;)Z @ 1
Event: 4.731 Thread 0x000000000096e800 Uncommon trap: reason=unstable_if action=reinterpret pc=0x0000000002c83d2c method=org.springframework.util.ConcurrentReferenceHashMap$Segment.findInChain(Lorg/springframework/util/ConcurrentReferenceHashMap$Reference;Ljava/lang/Object;I)Lorg/springframewo
Event: 4.903 Thread 0x000000000096e800 Uncommon trap: reason=unstable_if action=reinterpret pc=0x0000000002da5924 method=org.springframework.beans.factory.support.AbstractBeanFactory.isTypeMatch(Ljava/lang/String;Lorg/springframework/core/ResolvableType;Z)Z @ 72
Event: 5.121 Thread 0x000000000096e800 Uncommon trap: reason=unstable_if action=reinterpret pc=0x0000000002cfe4f8 method=org.springframework.beans.factory.support.DefaultSingletonBeanRegistry.getSingleton(Ljava/lang/String;Z)Ljava/lang/Object; @ 47

Classes redefined (0 events):
No events

Internal exceptions (10 events):
Event: 4.694 Thread 0x000000000096e800 Exception <a 'java/lang/ClassNotFoundException': org/springframework/web/servlet/config/annotation/DelegatingWebMvcConfigurationCustomizer> (0x00000000d7b7cc18) thrown at [C:\ade\jenkins\workspace\8-2-build-windows-amd64-cygwin\jdk8u241\331\hotspot\src\sh
Event: 4.695 Thread 0x000000000096e800 Exception <a 'java/lang/ClassNotFoundException': org/springframework/boot/autoconfigure/web/servlet/WebMvcAutoConfiguration$EnableWebMvcConfigurationCustomizer> (0x00000000d7b94fc8) thrown at [C:\ade\jenkins\workspace\8-2-build-windows-amd64-cygwin\jdk8u2
Event: 4.698 Thread 0x000000000096e800 Exception <a 'java/lang/ClassNotFoundException': org/springframework/context/ResourceLoaderAwareCustomizer> (0x00000000d7bb2060) thrown at [C:\ade\jenkins\workspace\8-2-build-windows-amd64-cygwin\jdk8u241\331\hotspot\src\share\vm\classfile\systemDictionar
Event: 4.698 Thread 0x000000000096e800 Exception <a 'java/lang/ClassNotFoundException': org/springframework/beans/factory/AwareCustomizer> (0x00000000d7bbdbf8) thrown at [C:\ade\jenkins\workspace\8-2-build-windows-amd64-cygwin\jdk8u241\331\hotspot\src\share\vm\classfile\systemDictionary.cpp, l
Event: 4.699 Thread 0x000000000096e800 Exception <a 'java/lang/ClassNotFoundException': org/springframework/context/ApplicationContextAwareCustomizer> (0x00000000d7bca1d8) thrown at [C:\ade\jenkins\workspace\8-2-build-windows-amd64-cygwin\jdk8u241\331\hotspot\src\share\vm\classfile\systemDicti
Event: 4.699 Thread 0x000000000096e800 Exception <a 'java/lang/ClassNotFoundException': org/springframework/beans/factory/AwareCustomizer> (0x00000000d7bd6388) thrown at [C:\ade\jenkins\workspace\8-2-build-windows-amd64-cygwin\jdk8u241\331\hotspot\src\share\vm\classfile\systemDictionary.cpp, l
Event: 4.700 Thread 0x000000000096e800 Exception <a 'java/lang/ClassNotFoundException': org/springframework/web/context/ServletContextAwareCustomizer> (0x00000000d7be28f8) thrown at [C:\ade\jenkins\workspace\8-2-build-windows-amd64-cygwin\jdk8u241\331\hotspot\src\share\vm\classfile\systemDicti
Event: 4.700 Thread 0x000000000096e800 Exception <a 'java/lang/ClassNotFoundException': org/springframework/beans/factory/AwareCustomizer> (0x00000000d7bee518) thrown at [C:\ade\jenkins\workspace\8-2-build-windows-amd64-cygwin\jdk8u241\331\hotspot\src\share\vm\classfile\systemDictionary.cpp, l
Event: 4.700 Thread 0x000000000096e800 Implicit null exception at 0x0000000002cbc64c to 0x0000000002cbc71d
Event: 5.064 Thread 0x000000000096e800 Exception <a 'java/lang/IncompatibleClassChangeError': Found class java.lang.Object, but interface was expected> (0x00000000d87425c8) thrown at [C:\ade\jenkins\workspace\8-2-build-windows-amd64-cygwin\jdk8u241\331\hotspot\src\share\vm\interpreter\linkReso

Events (10 events):
Event: 304.216 Thread 0x0000000017095800 flushing nmethod 0x00000000026450d0
Event: 304.216 Thread 0x0000000017095800 flushing nmethod 0x0000000002645c90
Event: 304.216 Thread 0x0000000017095800 flushing nmethod 0x000000000264dd90
Event: 304.216 Thread 0x0000000017095800 flushing nmethod 0x000000000264e0d0
Event: 304.216 Thread 0x0000000017095800 flushing nmethod 0x0000000002653710
Event: 304.216 Thread 0x0000000017095800 flushing nmethod 0x0000000002654310
Event: 304.216 Thread 0x0000000017095800 flushing nmethod 0x0000000002658890
Event: 304.216 Thread 0x0000000017095800 flushing nmethod 0x000000000267ef10
Event: 304.663 Thread 0x0000000017095800 flushing nmethod 0x00000000026b9dd0
Event: 304.663 Thread 0x0000000017095800 flushing nmethod 0x00000000026c18d0


Dynamic libraries:
0x00007ff7e6600000 - 0x00007ff7e6637000 	C:\Program Files\Java\jre1.8.0_241\bin\javaw.exe
0x00007ff9b4ba0000 - 0x00007ff9b4d90000 	C:\Windows\SYSTEM32\ntdll.dll
0x00007ff9b4a80000 - 0x00007ff9b4b32000 	C:\Windows\System32\KERNEL32.DLL
0x00007ff9b1eb0000 - 0x00007ff9b2153000 	C:\Windows\System32\KERNELBASE.dll
0x00007ff9b4950000 - 0x00007ff9b49f3000 	C:\Windows\System32\ADVAPI32.dll
0x00007ff9b3280000 - 0x00007ff9b331e000 	C:\Windows\System32\msvcrt.dll
0x00007ff9b3700000 - 0x00007ff9b3797000 	C:\Windows\System32\sechost.dll
0x00007ff9b2d30000 - 0x00007ff9b2e50000 	C:\Windows\System32\RPCRT4.dll
0x00007ff9b3d20000 - 0x00007ff9b3eb4000 	C:\Windows\System32\USER32.dll
0x00007ff9b2200000 - 0x00007ff9b2221000 	C:\Windows\System32\win32u.dll
0x00007ff9b3660000 - 0x00007ff9b3686000 	C:\Windows\System32\GDI32.dll
0x00007ff9b2230000 - 0x00007ff9b23c4000 	C:\Windows\System32\gdi32full.dll
0x00007ff9b2160000 - 0x00007ff9b21fe000 	C:\Windows\System32\msvcp_win.dll
0x00007ff9b2b50000 - 0x00007ff9b2c4a000 	C:\Windows\System32\ucrtbase.dll
0x00007ff99c7c0000 - 0x00007ff99ca45000 	C:\Windows\WinSxS\amd64_microsoft.windows.common-controls_6595b64144ccf1df_6.0.18362.657_none_e6c5b579130e3898\COMCTL32.dll
0x00007ff9b3320000 - 0x00007ff9b3656000 	C:\Windows\System32\combase.dll
0x00007ff9b1db0000 - 0x00007ff9b1e30000 	C:\Windows\System32\bcryptPrimitives.dll
0x00007ff9b37a0000 - 0x00007ff9b37ce000 	C:\Windows\System32\IMM32.DLL
0x000000005c320000 - 0x000000005c3f2000 	C:\Program Files\Java\jre1.8.0_241\bin\msvcr100.dll
0x000000005c4e0000 - 0x000000005cd8c000 	C:\Program Files\Java\jre1.8.0_241\bin\server\jvm.dll
0x00007ff9b37d0000 - 0x00007ff9b37d8000 	C:\Windows\System32\PSAPI.DLL
0x00007ff9ae4f0000 - 0x00007ff9ae4f9000 	C:\Windows\SYSTEM32\WSOCK32.dll
0x00007ff9b3140000 - 0x00007ff9b31af000 	C:\Windows\System32\WS2_32.dll
0x00007ff9ae730000 - 0x00007ff9ae754000 	C:\Windows\SYSTEM32\WINMM.dll
0x00007ff9a43d0000 - 0x00007ff9a43da000 	C:\Windows\SYSTEM32\VERSION.dll
0x00007ff9ae700000 - 0x00007ff9ae72d000 	C:\Windows\SYSTEM32\WINMMBASE.dll
0x00007ff9b1b60000 - 0x00007ff9b1baa000 	C:\Windows\System32\cfgmgr32.dll
0x00007ff9ae2b0000 - 0x00007ff9ae2bf000 	C:\Program Files\Java\jre1.8.0_241\bin\verify.dll
0x00007ff99aa70000 - 0x00007ff99aa99000 	C:\Program Files\Java\jre1.8.0_241\bin\java.dll
0x00007ff99a1e0000 - 0x00007ff99a1f6000 	C:\Program Files\Java\jre1.8.0_241\bin\zip.dll
0x00007ff9b3ec0000 - 0x00007ff9b45a5000 	C:\Windows\System32\SHELL32.dll
0x00007ff9b48a0000 - 0x00007ff9b4949000 	C:\Windows\System32\shcore.dll
0x00007ff9b23d0000 - 0x00007ff9b2b4f000 	C:\Windows\System32\windows.storage.dll
0x00007ff9b1a80000 - 0x00007ff9b1a9f000 	C:\Windows\System32\profapi.dll
0x00007ff9b1ac0000 - 0x00007ff9b1b0a000 	C:\Windows\System32\powrprof.dll
0x00007ff9b1a70000 - 0x00007ff9b1a80000 	C:\Windows\System32\UMPDC.dll
0x00007ff9b45b0000 - 0x00007ff9b4602000 	C:\Windows\System32\shlwapi.dll
0x00007ff9b1aa0000 - 0x00007ff9b1ab1000 	C:\Windows\System32\kernel.appcore.dll
0x00007ff9b1e30000 - 0x00007ff9b1e47000 	C:\Windows\System32\cryptsp.dll
0x00007ff9a8730000 - 0x00007ff9a873d000 	C:\Program Files\Java\jre1.8.0_241\bin\management.dll
0x00007ff9997e0000 - 0x00007ff9997fa000 	C:\Program Files\Java\jre1.8.0_241\bin\net.dll
0x00007ff9b12e0000 - 0x00007ff9b1347000 	C:\Windows\system32\mswsock.dll
0x00007ff993070000 - 0x00007ff993086000 	C:\Windows\system32\napinsp.dll
0x00007ff993050000 - 0x00007ff99306a000 	C:\Windows\system32\pnrpnsp.dll
0x00007ff9b1030000 - 0x00007ff9b10fa000 	C:\Windows\SYSTEM32\DNSAPI.dll
0x00007ff9b37e0000 - 0x00007ff9b37e8000 	C:\Windows\System32\NSI.dll
0x00007ff9b0ff0000 - 0x00007ff9b102a000 	C:\Windows\SYSTEM32\IPHLPAPI.DLL
0x00007ff9ac3a0000 - 0x00007ff9ac3ae000 	C:\Windows\System32\winrnr.dll
0x00007ff9ae440000 - 0x00007ff9ae45c000 	C:\Windows\system32\NLAapi.dll
0x00007ff9ad700000 - 0x00007ff9ad715000 	C:\Windows\system32\wshbth.dll
0x00007ff9a4cc0000 - 0x00007ff9a4cca000 	C:\Windows\System32\rasadhlp.dll
0x00007ff9a7af0000 - 0x00007ff9a7b67000 	C:\Windows\System32\fwpuclnt.dll
0x00007ff9b1b30000 - 0x00007ff9b1b56000 	C:\Windows\System32\bcrypt.dll
0x00007ff998d10000 - 0x00007ff998d22000 	C:\Program Files\Java\jre1.8.0_241\bin\nio.dll
0x00007ff9b0e50000 - 0x00007ff9b0e83000 	C:\Windows\system32\rsaenh.dll
0x00007ff9b1990000 - 0x00007ff9b19b5000 	C:\Windows\SYSTEM32\USERENV.dll
0x00007ff9b14b0000 - 0x00007ff9b14bc000 	C:\Windows\SYSTEM32\CRYPTBASE.dll
0x00007ff9a8740000 - 0x00007ff9a8756000 	C:\Windows\SYSTEM32\dhcpcsvc6.DLL
0x00007ff9a8960000 - 0x00007ff9a897c000 	C:\Windows\SYSTEM32\dhcpcsvc.DLL

VM Arguments:
jvm_args: -Dfile.encoding=UTF-8 
java_command: com.cts.training.Bootapp.BootappApplication
java_class_path (initial): D:\eclipse new space\Bootapp\target\classes;C:\Users\HP\.m2\repository\org\springframework\boot\spring-boot-starter-web\2.2.4.RELEASE\spring-boot-starter-web-2.2.4.RELEASE.jar;C:\Users\HP\.m2\repository\org\springframework\boot\spring-boot-starter\2.2.4.RELEASE\spring-boot-starter-2.2.4.RELEASE.jar;C:\Users\HP\.m2\repository\org\springframework\boot\spring-boot\2.2.4.RELEASE\spring-boot-2.2.4.RELEASE.jar;C:\Users\HP\.m2\repository\org\springframework\boot\spring-boot-autoconfigure\2.2.4.RELEASE\spring-boot-autoconfigure-2.2.4.RELEASE.jar;C:\Users\HP\.m2\repository\org\springframework\boot\spring-boot-starter-logging\2.2.4.RELEASE\spring-boot-starter-logging-2.2.4.RELEASE.jar;C:\Users\HP\.m2\repository\ch\qos\logback\logback-classic\1.2.3\logback-classic-1.2.3.jar;C:\Users\HP\.m2\repository\ch\qos\logback\logback-core\1.2.3\logback-core-1.2.3.jar;C:\Users\HP\.m2\repository\org\apache\logging\log4j\log4j-to-slf4j\2.12.1\log4j-to-slf4j-2.12.1.jar;C:\Users\HP\.m2\repository\org\apache\logging\log4j\log4j-api\2.12.1\log4j-api-2.12.1.jar;C:\Users\HP\.m2\repository\org\slf4j\jul-to-slf4j\1.7.30\jul-to-slf4j-1.7.30.jar;C:\Users\HP\.m2\repository\jakarta\annotation\jakarta.annotation-api\1.3.5\jakarta.annotation-api-1.3.5.jar;C:\Users\HP\.m2\repository\org\yaml\snakeyaml\1.25\snakeyaml-1.25.jar;C:\Users\HP\.m2\repository\org\springframework\boot\spring-boot-starter-json\2.2.4.RELEASE\spring-boot-starter-json-2.2.4.RELEASE.jar;C:\Users\HP\.m2\repository\com\fasterxml\jackson\core\jackson-databind\2.10.2\jackson-databind-2.10.2.jar;C:\Users\HP\.m2\repository\com\fasterxml\jackson\core\jackson-annotations\2.10.2\jackson-annotations-2.10.2.jar;C:\Users\HP\.m2\repository\com\fasterxml\jackson\core\jackson-core\2.10.2\jackson-core-2.10.2.jar;C:\Users\HP\.m2\repository\com\fasterxml\jackson\datatype\jackson-datatype-jdk8\2.10.2\jackson-datatype-jdk8-2.10.2.jar;C:\Users\HP\.m2\repository\com\fasterxml\jackson\datatype\jackson-datatype-jsr310\2.10.2\jacks
Launcher Type: SUN_STANDARD

Environment Variables:
PATH=C:/Program Files/Java/jre1.8.0_241/bin/server;C:/Program Files/Java/jre1.8.0_241/bin;C:/Program Files/Java/jre1.8.0_241/lib/amd64;C:\Program Files\Java\jdk1.8.0_241\bin;C:\Program Files\nodejs\;C:\Users\HP\AppData\Local\Microsoft\WindowsApps;;C:\Users\HP\AppData\Local\Programs\Microsoft VS Code\bin;C:\Users\HP\AppData\Roaming\npm;C:\Users\HP\Desktop;
USERNAME=HP
OS=Windows_NT
PROCESSOR_IDENTIFIER=Intel64 Family 6 Model 42 Stepping 7, GenuineIntel



---------------  S Y S T E M  ---------------

OS: Windows 10.0 , 64 bit Build 18362 (10.0.18362.329)

CPU:total 4 (initial active 4) (2 cores per cpu, 2 threads per core) family 6 model 42 stepping 7, cmov, cx8, fxsr, mmx, sse, sse2, sse3, ssse3, sse4.1, sse4.2, popcnt, avx, aes, clmul, ht, tsc, tscinvbit

Memory: 4k page, physical 8285236k(590296k free), swap 22560304k(0k free)

vm_info: Java HotSpot(TM) 64-Bit Server VM (25.241-b07) for windows-amd64 JRE (1.8.0_241-b07), built on Dec 11 2019 10:21:40 by "rejava" with MS VC++ 10.0 (VS2010)

time: Mon Feb 17 13:14:48 2020
timezone: India Standard Time
elapsed time: 1734 seconds (0d 0h 28m 54s)

